time="2019-12-15T01:08:14+08:00" level=debug msg="start main"
time="2019-12-15T01:08:14+08:00" level=debug msg="dial url [amqp://test:test@192.168.1.110:5672]"
time="2019-12-15T01:08:14+08:00" level=debug msg="dial url [amqp://test:test@192.168.1.110:5672]"
time="2019-12-15T01:08:14+08:00" level=debug msg="data server start heart beat"
time="2019-12-15T01:08:26+08:00" level=debug msg="upload file [helloworld12345]"
time="2019-12-15T01:10:53+08:00" level=debug msg="upload file [helloworld12345]"
time="2019-12-15T01:14:07+08:00" level=debug msg="upload file [helloworld12345]"
time="2019-12-15T01:15:22+08:00" level=debug msg="upload file [helloworld12345]"
time="2019-12-15T01:16:57+08:00" level=debug msg="upload file [helloworld12345]"
time="2019-12-15T01:18:41+08:00" level=debug msg="upload file [helloworld12345]"
time="2019-12-15T01:20:15+08:00" level=debug msg="upload file [helloworld12345]"
time="2019-12-15T01:26:21+08:00" level=debug msg="upload file [helloworld12345]"
time="2019-12-15T01:28:47+08:00" level=debug msg="upload file [helloworld12345]"
time="2019-12-15T01:34:00+08:00" level=debug msg="upload file [helloworld12345]"
ing namespace std;\n\nint main() \n{\n\tcout << \"hello\";\n\n\n}\n] from file"
time="2019-12-14T17:21:09+08:00" level=info msg="start to get object file [hello.cpp]"
time="2019-12-14T17:21:09+08:00" level=info msg="read content [#include <stdio.h>\n\nusing namespace std;\n\nint main() \n{\n\tcout << \"hello\";\n\n\n}\n] from file"
time="2019-12-14T17:24:56+08:00" level=info msg="data server receive hello.cpp from rmq"
time="2019-12-14T17:24:56+08:00" level=info msg="data server find object, address 192.168.1.110:8792"
time="2019-12-14T17:24:56+08:00" level=info msg="start to get object file [hello.cpp]"
time="2019-12-14T17:24:56+08:00" level=info msg="read content [#include <stdio.h>\n\nusing namespace std;\n\nint main() \n{\n\tcout << \"hello\";\n\n\n}\n] from file"
time="2019-12-14T17:25:01+08:00" level=info msg="data server receive hello.cpp from rmq"
time="2019-12-14T17:25:01+08:00" level=info msg="data server find object, address 192.168.1.110:8792"
time="2019-12-14T17:25:01+08:00" level=info msg="start to get object file [hello.cpp]"
time="2019-12-14T17:25:01+08:00" level=info msg="read content [#include <stdio.h>\n\nusing namespace std;\n\nint main() \n{\n\tcout << \"hello\";\n\n\n}\n] from file"
time="2019-12-14T17:25:10+08:00" level=info msg="data server receive hello.cpp from rmq"
time="2019-12-14T17:25:10+08:00" level=info msg="data server find object, address 192.168.1.110:8792"
time="2019-12-14T17:25:10+08:00" level=info msg="start to get object file [hello.cpp]"
time="2019-12-14T17:25:10+08:00" level=info msg="read content [#include <stdio.h>\n\nusing namespace std;\n\nint main() \n{\n\tcout << \"hello\";\n\n\n}\n] from file"
